# JRE version: Java(TM) SE Runtime Environment (8.0_25-b18) (build 1.8.0_25-b18)
# Java VM: Java HotSpot(TM) 64-Bit Server VM (25.25-b02 mixed mode windows-amd64 compressed oops)
Heap:
 PSYoungGen      total 134144K, used 133680K [0x00000000d5d00000, 0x00000000e6300000, 0x0000000100000000)
  eden space 133120K, 100% used [0x00000000d5d00000,0x00000000ddf00000,0x00000000ddf00000)
  from space 1024K, 54% used [0x00000000ddf00000,0x00000000ddf8c020,0x00000000de000000)
  to   space 1024K, 0% used [0x00000000e6200000,0x00000000e6200000,0x00000000e6300000)
 ParOldGen       total 87552K, used 564K [0x0000000081600000, 0x0000000086b80000, 0x00000000d5d00000)
  object space 87552K, 0% used [0x0000000081600000,0x000000008168d070,0x0000000086b80000)
 Metaspace       used 3679K, capacity 4864K, committed 5120K, reserved 1056768K
  class space    used 438K, capacity 496K, committed 512K, reserved 1048576K
GC Heap History (10 events):
Event: 0.312 GC heap before
{Heap before GC invocations=3 (full 0):
 PSYoungGen      total 38400K, used 33872K [0x00000000d5d00000, 0x00000000da800000, 0x0000000100000000)
  eden space 33280K, 100% used [0x00000000d5d00000,0x00000000d7d80000,0x00000000d7d80000)
  from space 5120K, 11% used [0x00000000d8280000,0x00000000d8314030,0x00000000d8780000)
  to   space 5120K, 0% used [0x00000000d7d80000,0x00000000d7d80000,0x00000000d8280000)
 ParOldGen       total 87552K, used 8K [0x0000000081600000, 0x0000000086b80000, 0x00000000d5d00000)
  object space 87552K, 0% used [0x0000000081600000,0x0000000081602000,0x0000000086b80000)
 Metaspace       used 2760K, capacity 4600K, committed 4864K, reserved 1056768K
  class space    used 307K, capacity 424K, committed 512K, reserved 1048576K
Event: 0.314 GC heap after
Heap after GC invocations=3 (full 0):
 PSYoungGen      total 38400K, used 672K [0x00000000d5d00000, 0x00000000da800000, 0x0000000100000000)
  eden space 33280K, 0% used [0x00000000d5d00000,0x00000000d5d00000,0x00000000d7d80000)
  from space 5120K, 13% used [0x00000000d7d80000,0x00000000d7e28030,0x00000000d8280000)
  to   space 5120K, 0% used [0x00000000da300000,0x00000000da300000,0x00000000da800000)
 ParOldGen       total 87552K, used 8K [0x0000000081600000, 0x0000000086b80000, 0x00000000d5d00000)
  object space 87552K, 0% used [0x0000000081600000,0x0000000081602000,0x0000000086b80000)
 Metaspace       used 2760K, capacity 4600K, committed 4864K, reserved 1056768K
  class space    used 307K, capacity 424K, committed 512K, reserved 1048576K
}
Event: 0.340 GC heap before
{Heap before GC invocations=4 (full 0):
 PSYoungGen      total 38400K, used 33952K [0x00000000d5d00000, 0x00000000da800000, 0x0000000100000000)
  eden space 33280K, 100% used [0x00000000d5d00000,0x00000000d7d80000,0x00000000d7d80000)
  from space 5120K, 13% used [0x00000000d7d80000,0x00000000d7e28030,0x00000000d8280000)
  to   space 5120K, 0% used [0x00000000da300000,0x00000000da300000,0x00000000da800000)
 ParOldGen       total 87552K, used 8K [0x0000000081600000, 0x0000000086b80000, 0x00000000d5d00000)
  object space 87552K, 0% used [0x0000000081600000,0x0000000081602000,0x0000000086b80000)
 Metaspace       used 2760K, capacity 4600K, committed 4864K, reserved 1056768K
  class space    used 307K, capacity 424K, committed 512K, reserved 1048576K
Event: 0.343 GC heap after
Heap after GC invocations=4 (full 0):
 PSYoungGen      total 71680K, used 736K [0x00000000d5d00000, 0x00000000da800000, 0x0000000100000000)
  eden space 66560K, 0% used [0x00000000d5d00000,0x00000000d5d00000,0x00000000d9e00000)
  from space 5120K, 14% used [0x00000000da300000,0x00000000da3b8030,0x00000000da800000)
  to   space 5120K, 0% used [0x00000000d9e00000,0x00000000d9e00000,0x00000000da300000)
 ParOldGen       total 87552K, used 8K [0x0000000081600000, 0x0000000086b80000, 0x00000000d5d00000)
  object space 87552K, 0% used [0x0000000081600000,0x0000000081602000,0x0000000086b80000)
 Metaspace       used 2760K, capacity 4600K, committed 4864K, reserved 1056768K
  class space    used 307K, capacity 424K, committed 512K, reserved 1048576K
}
Event: 0.397 GC heap before
{Heap before GC invocations=5 (full 0):
 PSYoungGen      total 71680K, used 67296K [0x00000000d5d00000, 0x00000000da800000, 0x0000000100000000)
  eden space 66560K, 100% used [0x00000000d5d00000,0x00000000d9e00000,0x00000000d9e00000)
  from space 5120K, 14% used [0x00000000da300000,0x00000000da3b8030,0x00000000da800000)
  to   space 5120K, 0% used [0x00000000d9e00000,0x00000000d9e00000,0x00000000da300000)
 ParOldGen       total 87552K, used 8K [0x0000000081600000, 0x0000000086b80000, 0x00000000d5d00000)
  object space 87552K, 0% used [0x0000000081600000,0x0000000081602000,0x0000000086b80000)
 Metaspace       used 2760K, capacity 4600K, committed 4864K, reserved 1056768K
  class space    used 307K, capacity 424K, committed 512K, reserved 1048576K
Event: 0.404 GC heap after
Heap after GC invocations=5 (full 0):
 PSYoungGen      total 71680K, used 848K [0x00000000d5d00000, 0x00000000de100000, 0x0000000100000000)
  eden space 66560K, 0% used [0x00000000d5d00000,0x00000000d5d00000,0x00000000d9e00000)
  from space 5120K, 16% used [0x00000000d9e00000,0x00000000d9ed4020,0x00000000da300000)
  to   space 1024K, 0% used [0x00000000de000000,0x00000000de000000,0x00000000de100000)
 ParOldGen       total 87552K, used 16K [0x0000000081600000, 0x0000000086b80000, 0x00000000d5d00000)
  object space 87552K, 0% used [0x0000000081600000,0x0000000081604000,0x0000000086b80000)
 Metaspace       used 2760K, capacity 4600K, committed 4864K, reserved 1056768K
  class space    used 307K, capacity 424K, committed 512K, reserved 1048576K
}
Event: 0.438 GC heap before
{Heap before GC invocations=6 (full 0):
 PSYoungGen      total 71680K, used 67408K [0x00000000d5d00000, 0x00000000de100000, 0x0000000100000000)
  eden space 66560K, 100% used [0x00000000d5d00000,0x00000000d9e00000,0x00000000d9e00000)
  from space 5120K, 16% used [0x00000000d9e00000,0x00000000d9ed4020,0x00000000da300000)
  to   space 1024K, 0% used [0x00000000de000000,0x00000000de000000,0x00000000de100000)
 ParOldGen       total 87552K, used 16K [0x0000000081600000, 0x0000000086b80000, 0x00000000d5d00000)
  object space 87552K, 0% used [0x0000000081600000,0x0000000081604000,0x0000000086b80000)
 Metaspace       used 2760K, capacity 4600K, committed 4864K, reserved 1056768K
  class space    used 307K, capacity 424K, committed 512K, reserved 1048576K
Event: 0.439 GC heap after
Heap after GC invocations=6 (full 0):
 PSYoungGen      total 134144K, used 992K [0x00000000d5d00000, 0x00000000de100000, 0x0000000100000000)
  eden space 133120K, 0% used [0x00000000d5d00000,0x00000000d5d00000,0x00000000ddf00000)
  from space 1024K, 96% used [0x00000000de000000,0x00000000de0f8030,0x00000000de100000)
  to   space 1024K, 0% used [0x00000000ddf00000,0x00000000ddf00000,0x00000000de000000)
 ParOldGen       total 87552K, used 24K [0x0000000081600000, 0x0000000086b80000, 0x00000000d5d00000)
  object space 87552K, 0% used [0x0000000081600000,0x0000000081606000,0x0000000086b80000)
 Metaspace       used 2760K, capacity 4600K, committed 4864K, reserved 1056768K
  class space    used 307K, capacity 424K, committed 512K, reserved 1048576K
}
Event: 0.507 GC heap before
{Heap before GC invocations=7 (full 0):
 PSYoungGen      total 134144K, used 134112K [0x00000000d5d00000, 0x00000000de100000, 0x0000000100000000)
  eden space 133120K, 100% used [0x00000000d5d00000,0x00000000ddf00000,0x00000000ddf00000)
  from space 1024K, 96% used [0x00000000de000000,0x00000000de0f8030,0x00000000de100000)
  to   space 1024K, 0% used [0x00000000ddf00000,0x00000000ddf00000,0x00000000de000000)
 ParOldGen       total 87552K, used 24K [0x0000000081600000, 0x0000000086b80000, 0x00000000d5d00000)
  object space 87552K, 0% used [0x0000000081600000,0x0000000081606000,0x0000000086b80000)
 Metaspace       used 2760K, capacity 4600K, committed 4864K, reserved 1056768K
  class space    used 307K, capacity 424K, committed 512K, reserved 1048576K
Event: 0.509 GC heap after
Heap after GC invocations=7 (full 0):
 PSYoungGen      total 134144K, used 560K [0x00000000d5d00000, 0x00000000e6300000, 0x0000000100000000)
  eden space 133120K, 0% used [0x00000000d5d00000,0x00000000d5d00000,0x00000000ddf00000)
  from space 1024K, 54% used [0x00000000ddf00000,0x00000000ddf8c020,0x00000000de000000)
  to   space 1024K, 0% used [0x00000000e6200000,0x00000000e6200000,0x00000000e6300000)
 ParOldGen       total 87552K, used 564K [0x0000000081600000, 0x0000000086b80000, 0x00000000d5d00000)
  object space 87552K, 0% used [0x0000000081600000,0x000000008168d070,0x0000000086b80000)
 Metaspace       used 2760K, capacity 4600K, committed 4864K, reserved 1056768K
  class space    used 307K, capacity 424K, committed 512K, reserved 1048576K
}

